<?xml version="1.0" encoding="UTF-8"?>
<!-- Generated by org.testng.reporters.JUnitReportReporter -->
<testsuite hostname="Bia-Mac.local" failures="0" tests="1" name="com.qa.testngsuite.SeleniumTestng" time="0.003" errors="0" timestamp="2022-12-01T16:36:39 MST" skipped="0">
  <testcase classname="com.qa.testngsuite.SeleniumTestng" name="f" time="0.003"/>
  <system-out/>
</testsuite> <!-- com.qa.testngsuite.SeleniumTestng -->
