<?xml version="1.0" encoding="UTF-8"?>
<!-- Generated by org.testng.reporters.JUnitReportReporter -->
<testsuite hostname="Bia-Mac.local" failures="0" tests="1" name="com.qa.ActionFeatures.NavigateCareersPage" time="3.619" errors="0" timestamp="2023-01-05T15:34:28 PST" skipped="0">
  <testcase classname="com.qa.ActionFeatures.NavigateCareersPage" name="verifyAndClickRoles" time="3.619"/>
  <system-out/>
</testsuite> <!-- com.qa.ActionFeatures.NavigateCareersPage -->
